<?xml version="1.0" encoding="UTF-8"?>
<!-- Generated by org.testng.reporters.JUnitReportReporter -->
<testsuite hostname="LAPTOP-AA8TAC45" failures="0" tests="2" name="com.ecom.testcases.TC_AddRemoveProductTest" time="11.105" errors="0" timestamp="2024-06-15T17:19:13 IST" skipped="0">
  <testcase classname="com.ecom.testcases.TC_AddRemoveProductTest" name="verifyContinueShoppingBtn" time="0.536"/>
  <testcase classname="com.ecom.testcases.TC_AddRemoveProductTest" name="verifyAddRemoveProduct" time="10.569"/>
</testsuite> <!-- com.ecom.testcases.TC_AddRemoveProductTest -->
