<?xml version="1.0" encoding="UTF-8"?>
<!-- Generated by org.testng.reporters.JUnitReportReporter -->
<testsuite hostname="LAPTOP-AA8TAC45" failures="0" tests="2" name="com.ecom.testcases.TC_InventoryItemsTest" time="1.031" errors="0" timestamp="2024-06-15T17:19:13 IST" skipped="0">
  <testcase classname="com.ecom.testcases.TC_InventoryItemsTest" name="verifyInventoryItems" time="0.553"/>
  <testcase classname="com.ecom.testcases.TC_InventoryItemsTest" name="verifySingleInventoryItem" time="0.478"/>
</testsuite> <!-- com.ecom.testcases.TC_InventoryItemsTest -->
