<?xml version="1.0" encoding="UTF-8"?>
<!-- Generated by org.testng.reporters.JUnitReportReporter -->
<testsuite hostname="LAPTOP-AA8TAC45" failures="0" tests="5" name="com.ecom.testcases.TC_LoginTest_DataDriven" time="6.793" errors="0" timestamp="2024-06-05T18:37:37 IST" skipped="0">
  <testcase classname="com.ecom.testcases.TC_LoginTest_DataDriven" name="verifyLogin" time="0.314"/>
  <testcase classname="com.ecom.testcases.TC_LoginTest_DataDriven" name="verifyLogin" time="0.331"/>
  <testcase classname="com.ecom.testcases.TC_LoginTest_DataDriven" name="verifyLogin" time="0.469"/>
  <testcase classname="com.ecom.testcases.TC_LoginTest_DataDriven" name="verifyLogin" time="5.349"/>
  <testcase classname="com.ecom.testcases.TC_LoginTest_DataDriven" name="verifyLogin" time="0.330"/>
</testsuite> <!-- com.ecom.testcases.TC_LoginTest_DataDriven -->
